Error: EBUSY: resource busy or locked, open 'e:\课件\实战项目\admin-manager\dist.zip'
    at Object.openSync (node:fs:585:3)
    at Object.func [as openSync] (node:electron/js2c/asar_bundle:5:1812)
    at Object.readFileSync (node:fs:453:35)
    at Object.e.readFileSync (node:electron/js2c/asar_bundle:5:9160)
    at VscodeEditor.getFileContent (c:\Users\Arney\.vscode\extensions\qiu8310.dot-template-vscode-0.3.0\out\adapter\VscodeEditor.js:187:19)
    at isFileEmpty (c:\Users\Arney\.vscode\extensions\qiu8310.dot-template-vscode-0.3.0\node_modules\dot-template-core\out\core\commands\Command.js:65:113)
    at c:\Users\Arney\.vscode\extensions\qiu8310.dot-template-vscode-0.3.0\node_modules\dot-template-core\out\core\commands\Command.js:72:80
    at Array.filter (<anonymous>)
    at CreateTemplateFilesCommand.Command.filter (c:\Users\Arney\.vscode\extensions\qiu8310.dot-template-vscode-0.3.0\node_modules\dot-template-core\out\core\commands\Command.js:70:14)
    at new CreateTemplateFilesCommand (c:\Users\Arney\.vscode\extensions\qiu8310.dot-template-vscode-0.3.0\node_modules\dot-template-core\out\core\commands\CreateTemplateFilesCommand.js:31:29)
    at c:\Users\Arney\.vscode\extensions\qiu8310.dot-template-vscode-0.3.0\node_modules\dot-template-core\out\core\Commander.js:160:80
    at Commander.<anonymous> (c:\Users\Arney\.vscode\extensions\qiu8310.dot-template-vscode-0.3.0\node_modules\dot-template-core\out\core\Commander.js:129:46)
    at step (c:\Users\Arney\.vscode\extensions\qiu8310.dot-template-vscode-0.3.0\node_modules\dot-template-core\node_modules\tslib\tslib.js:133:27)
    at Object.next (c:\Users\Arney\.vscode\extensions\qiu8310.dot-template-vscode-0.3.0\node_modules\dot-template-core\node_modules\tslib\tslib.js:114:57)
    at c:\Users\Arney\.vscode\extensions\qiu8310.dot-template-vscode-0.3.0\node_modules\dot-template-core\node_modules\tslib\tslib.js:107:75
    at new Promise (<anonymous>)
    at Object.__awaiter (c:\Users\Arney\.vscode\extensions\qiu8310.dot-template-vscode-0.3.0\node_modules\dot-template-core\node_modules\tslib\tslib.js:103:16)
    at Commander.wrap (c:\Users\Arney\.vscode\extensions\qiu8310.dot-template-vscode-0.3.0\node_modules\dot-template-core\out\core\Commander.js:123:24)
    at Commander.<anonymous> (c:\Users\Arney\.vscode\extensions\qiu8310.dot-template-vscode-0.3.0\node_modules\dot-template-core\out\core\Commander.js:160:44)
    at step (c:\Users\Arney\.vscode\extensions\qiu8310.dot-template-vscode-0.3.0\node_modules\dot-template-core\node_modules\tslib\tslib.js:133:27)
    at Object.next (c:\Users\Arney\.vscode\extensions\qiu8310.dot-template-vscode-0.3.0\node_modules\dot-template-core\node_modules\tslib\tslib.js:114:57)
    at c:\Users\Arney\.vscode\extensions\qiu8310.dot-template-vscode-0.3.0\node_modules\dot-template-core\node_modules\tslib\tslib.js:107:75
    at new Promise (<anonymous>)
    at Object.__awaiter (c:\Users\Arney\.vscode\extensions\qiu8310.dot-template-vscode-0.3.0\node_modules\dot-template-core\node_modules\tslib\tslib.js:103:16)
    at Commander.addCreateTemplateFilesCommand (c:\Users\Arney\.vscode\extensions\qiu8310.dot-template-vscode-0.3.0\node_modules\dot-template-core\out\core\Commander.js:157:24)
    at Application.<anonymous> (c:\Users\Arney\.vscode\extensions\qiu8310.dot-template-vscode-0.3.0\node_modules\dot-template-core\out\core\Application.js:49:61)
    at step (c:\Users\Arney\.vscode\extensions\qiu8310.dot-template-vscode-0.3.0\node_modules\dot-template-core\node_modules\tslib\tslib.js:133:27)
    at Object.next (c:\Users\Arney\.vscode\extensions\qiu8310.dot-template-vscode-0.3.0\node_modules\dot-template-core\node_modules\tslib\tslib.js:114:57)
    at c:\Users\Arney\.vscode\extensions\qiu8310.dot-template-vscode-0.3.0\node_modules\dot-template-core\node_modules\tslib\tslib.js:107:75
    at new Promise (<anonymous>)
    at Object.__awaiter (c:\Users\Arney\.vscode\extensions\qiu8310.dot-template-vscode-0.3.0\node_modules\dot-template-core\node_modules\tslib\tslib.js:103:16)
    at Application.createTemplateFiles (c:\Users\Arney\.vscode\extensions\qiu8310.dot-template-vscode-0.3.0\node_modules\dot-template-core\out\core\Application.js:47:28)
    at Application.<anonymous> (c:\Users\Arney\.vscode\extensions\qiu8310.dot-template-vscode-0.3.0\node_modules\dot-template-core\out\core\Application.js:109:51)
    at step (c:\Users\Arney\.vscode\extensions\qiu8310.dot-template-vscode-0.3.0\node_modules\dot-template-core\node_modules\tslib\tslib.js:133:27)
    at Object.next (c:\Users\Arney\.vscode\extensions\qiu8310.dot-template-vscode-0.3.0\node_modules\dot-template-core\node_modules\tslib\tslib.js:114:57)
    at c:\Users\Arney\.vscode\extensions\qiu8310.dot-template-vscode-0.3.0\node_modules\dot-template-core\node_modules\tslib\tslib.js:107:75
    at new Promise (<anonymous>)
    at Object.__awaiter (c:\Users\Arney\.vscode\extensions\qiu8310.dot-template-vscode-0.3.0\node_modules\dot-template-core\node_modules\tslib\tslib.js:103:16)
    at run (c:\Users\Arney\.vscode\extensions\qiu8310.dot-template-vscode-0.3.0\node_modules\dot-template-core\out\core\Application.js:84:48)
    at Application.<anonymous> (c:\Users\Arney\.vscode\extensions\qiu8310.dot-template-vscode-0.3.0\node_modules\dot-template-core\out\core\Application.js:153:50)
    at step (c:\Users\Arney\.vscode\extensions\qiu8310.dot-template-vscode-0.3.0\node_modules\dot-template-core\node_modules\tslib\tslib.js:133:27)
    at Object.next (c:\Users\Arney\.vscode\extensions\qiu8310.dot-template-vscode-0.3.0\node_modules\dot-template-core\node_modules\tslib\tslib.js:114:57)
    at c:\Users\Arney\.vscode\extensions\qiu8310.dot-template-vscode-0.3.0\node_modules\dot-template-core\node_modules\tslib\tslib.js:107:75
    at new Promise (<anonymous>)
    at Object.__awaiter (c:\Users\Arney\.vscode\extensions\qiu8310.dot-template-vscode-0.3.0\node_modules\dot-template-core\node_modules\tslib\tslib.js:103:16)
    at Timeout._onTimeout (c:\Users\Arney\.vscode\extensions\qiu8310.dot-template-vscode-0.3.0\node_modules\dot-template-core\out\core\Application.js:144:59)
    at listOnTimeout (node:internal/timers:557:17)
    at processTimers (node:internal/timers:500:7)